d:\sighhh\projects\number-bitch\number-bitch\number-bitch\x64\release\vc143.pdb
d:\sighhh\projects\number-bitch\number-bitch\number-bitch\x64\release\number_bitch.obj
d:\sighhh\projects\number-bitch\number-bitch\number-bitch\x64\release\main.obj
d:\sighhh\projects\number-bitch\number-bitch\number-bitch\x64\release\tray.obj
d:\sighhh\projects\number-bitch\number-bitch\x64\release\number-bitch.exe
d:\sighhh\projects\number-bitch\number-bitch\x64\release\number-bitch.pdb
d:\sighhh\projects\number-bitch\number-bitch\number-bitch\x64\release\number-bitch.res
d:\sighhh\projects\number-bitch\number-bitch\number-bitch\x64\release\number-bitch.ipdb
d:\sighhh\projects\number-bitch\number-bitch\number-bitch\x64\release\number-bitch.iobj
d:\sighhh\projects\number-bitch\number-bitch\number-bitch\x64\release\number-bitch.tlog\cl.command.1.tlog
d:\sighhh\projects\number-bitch\number-bitch\number-bitch\x64\release\number-bitch.tlog\cl.items.tlog
d:\sighhh\projects\number-bitch\number-bitch\number-bitch\x64\release\number-bitch.tlog\cl.read.1.tlog
d:\sighhh\projects\number-bitch\number-bitch\number-bitch\x64\release\number-bitch.tlog\cl.write.1.tlog
d:\sighhh\projects\number-bitch\number-bitch\number-bitch\x64\release\number-bitch.tlog\link.command.1.tlog
d:\sighhh\projects\number-bitch\number-bitch\number-bitch\x64\release\number-bitch.tlog\link.read.1.tlog
d:\sighhh\projects\number-bitch\number-bitch\number-bitch\x64\release\number-bitch.tlog\link.secondary.1.tlog
d:\sighhh\projects\number-bitch\number-bitch\number-bitch\x64\release\number-bitch.tlog\link.write.1.tlog
d:\sighhh\projects\number-bitch\number-bitch\number-bitch\x64\release\number-bitch.tlog\rc.command.1.tlog
d:\sighhh\projects\number-bitch\number-bitch\number-bitch\x64\release\number-bitch.tlog\rc.read.1.tlog
d:\sighhh\projects\number-bitch\number-bitch\number-bitch\x64\release\number-bitch.tlog\rc.write.1.tlog
